<?xml version="1.0" encoding="UTF-8"?>
<!-- Generated by org.testng.reporters.JUnitReportReporter -->
<testsuite skipped="0" hostname="DESKTOP-V2IJFCR" name="org.test.Sample1" tests="6" failures="0" timestamp="22 Feb 2023 10:50:04 GMT" time="0.010" errors="0">
  <testcase name="testA2" time="0.002" classname="org.test.Sample1"/>
  <testcase name="test2" time="0.002" classname="org.test.Sample1"/>
  <testcase name="test4" time="0.000" classname="org.test.Sample1"/>
  <testcase name="testA1" time="0.003" classname="org.test.Sample1"/>
  <testcase name="test1" time="0.001" classname="org.test.Sample1"/>
  <testcase name="test3" time="0.002" classname="org.test.Sample1"/>
</testsuite> <!-- org.test.Sample1 -->
